..........................Puma 2.11.1 starting...
* Min threads: 0, max threads: 16
* Environment: development
* Listening on tcp://0.0.0.0:52628
....F............FF....................................

Failures:

  1) Event Manager abilities user wants to become an Event Manager
     Failure/Error: generate_event_path(@event.id),

     ActionView::Template::Error:
       No route matches {:action=>"generate", :controller=>"events", :id=>nil} missing required keys: [:id]
     # /Users/andela/.calabash/gems/actionpack-4.2.1/lib/action_dispatch/routing/route_set.rb:259:in `raise_generation_error'
     # /Users/andela/.calabash/gems/actionpack-4.2.1/lib/action_dispatch/routing/route_set.rb:234:in `optimized_helper'
     # /Users/andela/.calabash/gems/actionpack-4.2.1/lib/action_dispatch/routing/route_set.rb:220:in `call'
     # /Users/andela/.calabash/gems/actionpack-4.2.1/lib/action_dispatch/routing/route_set.rb:345:in `block (2 levels) in define_url_helper'
     # ./app/views/events/_eventdetails.html.erb:49:in `_app_views_events__eventdetails_html_erb___242596873568159197_70108312273740'
     # /Users/andela/.calabash/gems/actionview-4.2.1/lib/action_view/template.rb:145:in `block in render'
     # /Users/andela/.calabash/gems/activesupport-4.2.1/lib/active_support/notifications.rb:166:in `instrument'
     # /Users/andela/.calabash/gems/actionview-4.2.1/lib/action_view/template.rb:333:in `instrument'
     # /Users/andela/.calabash/gems/actionview-4.2.1/lib/action_view/template.rb:143:in `render'
     # /Users/andela/.calabash/gems/actionview-4.2.1/lib/action_view/renderer/partial_renderer.rb:339:in `render_partial'
     # /Users/andela/.calabash/gems/actionview-4.2.1/lib/action_view/renderer/partial_renderer.rb:310:in `block in render'
     # /Users/andela/.calabash/gems/actionview-4.2.1/lib/action_view/renderer/abstract_renderer.rb:39:in `block in instrument'
     # /Users/andela/.calabash/gems/activesupport-4.2.1/lib/active_support/notifications.rb:164:in `block in instrument'
     # /Users/andela/.calabash/gems/activesupport-4.2.1/lib/active_support/notifications/instrumenter.rb:20:in `instrument'
     # /Users/andela/.calabash/gems/activesupport-4.2.1/lib/active_support/notifications.rb:164:in `instrument'
     # /Users/andela/.calabash/gems/actionview-4.2.1/lib/action_view/renderer/abstract_renderer.rb:39:in `instrument'
     # /Users/andela/.calabash/gems/actionview-4.2.1/lib/action_view/renderer/partial_renderer.rb:309:in `render'
     # /Users/andela/.calabash/gems/actionview-4.2.1/lib/action_view/renderer/renderer.rb:47:in `render_partial'
     # /Users/andela/.calabash/gems/actionview-4.2.1/lib/action_view/renderer/renderer.rb:21:in `render'
     # /Users/andela/.calabash/gems/actionview-4.2.1/lib/action_view/helpers/rendering_helper.rb:32:in `render'
     # ./app/views/events/_form.html.erb:176:in `block in _app_views_events__form_html_erb___2237906068800044744_70108332104940'
     # /Users/andela/.calabash/gems/actionview-4.2.1/lib/action_view/helpers/capture_helper.rb:38:in `block in capture'
     # /Users/andela/.calabash/gems/actionview-4.2.1/lib/action_view/helpers/capture_helper.rb:200:in `with_output_buffer'
     # /Users/andela/.calabash/gems/actionview-4.2.1/lib/action_view/helpers/capture_helper.rb:38:in `capture'
     # /Users/andela/.calabash/gems/actionview-4.2.1/lib/action_view/helpers/form_helper.rb:444:in `form_for'
     # ./app/views/events/_form.html.erb:25:in `_app_views_events__form_html_erb___2237906068800044744_70108332104940'
     # /Users/andela/.calabash/gems/actionview-4.2.1/lib/action_view/template.rb:145:in `block in render'
     # /Users/andela/.calabash/gems/activesupport-4.2.1/lib/active_support/notifications.rb:166:in `instrument'
     # /Users/andela/.calabash/gems/actionview-4.2.1/lib/action_view/template.rb:333:in `instrument'
     # /Users/andela/.calabash/gems/actionview-4.2.1/lib/action_view/template.rb:143:in `render'
     # /Users/andela/.calabash/gems/actionview-4.2.1/lib/action_view/renderer/partial_renderer.rb:339:in `render_partial'
     # /Users/andela/.calabash/gems/actionview-4.2.1/lib/action_view/renderer/partial_renderer.rb:310:in `block in render'
     # /Users/andela/.calabash/gems/actionview-4.2.1/lib/action_view/renderer/abstract_renderer.rb:39:in `block in instrument'
     # /Users/andela/.calabash/gems/activesupport-4.2.1/lib/active_support/notifications.rb:164:in `block in instrument'
     # /Users/andela/.calabash/gems/activesupport-4.2.1/lib/active_support/notifications/instrumenter.rb:20:in `instrument'
     # /Users/andela/.calabash/gems/activesupport-4.2.1/lib/active_support/notifications.rb:164:in `instrument'
     # /Users/andela/.calabash/gems/actionview-4.2.1/lib/action_view/renderer/abstract_renderer.rb:39:in `instrument'
     # /Users/andela/.calabash/gems/actionview-4.2.1/lib/action_view/renderer/partial_renderer.rb:309:in `render'
     # /Users/andela/.calabash/gems/actionview-4.2.1/lib/action_view/renderer/renderer.rb:47:in `render_partial'
     # /Users/andela/.calabash/gems/actionview-4.2.1/lib/action_view/helpers/rendering_helper.rb:35:in `render'
     # ./app/views/events/new.html.erb:11:in `_app_views_events_new_html_erb__963403320787523947_70108349813720'
     # /Users/andela/.calabash/gems/actionview-4.2.1/lib/action_view/template.rb:145:in `block in render'
     # /Users/andela/.calabash/gems/activesupport-4.2.1/lib/active_support/notifications.rb:166:in `instrument'
     # /Users/andela/.calabash/gems/actionview-4.2.1/lib/action_view/template.rb:333:in `instrument'
     # /Users/andela/.calabash/gems/actionview-4.2.1/lib/action_view/template.rb:143:in `render'
     # /Users/andela/.calabash/gems/actionview-4.2.1/lib/action_view/renderer/template_renderer.rb:54:in `block (2 levels) in render_template'
     # /Users/andela/.calabash/gems/actionview-4.2.1/lib/action_view/renderer/abstract_renderer.rb:39:in `block in instrument'
     # /Users/andela/.calabash/gems/activesupport-4.2.1/lib/active_support/notifications.rb:164:in `block in instrument'
     # /Users/andela/.calabash/gems/activesupport-4.2.1/lib/active_support/notifications/instrumenter.rb:20:in `instrument'
     # /Users/andela/.calabash/gems/activesupport-4.2.1/lib/active_support/notifications.rb:164:in `instrument'
     # /Users/andela/.calabash/gems/actionview-4.2.1/lib/action_view/renderer/abstract_renderer.rb:39:in `instrument'
     # /Users/andela/.calabash/gems/actionview-4.2.1/lib/action_view/renderer/template_renderer.rb:53:in `block in render_template'
     # /Users/andela/.calabash/gems/actionview-4.2.1/lib/action_view/renderer/template_renderer.rb:61:in `render_with_layout'
     # /Users/andela/.calabash/gems/actionview-4.2.1/lib/action_view/renderer/template_renderer.rb:52:in `render_template'
     # /Users/andela/.calabash/gems/actionview-4.2.1/lib/action_view/renderer/template_renderer.rb:14:in `render'
     # /Users/andela/.calabash/gems/actionview-4.2.1/lib/action_view/renderer/renderer.rb:42:in `render_template'
     # /Users/andela/.calabash/gems/actionview-4.2.1/lib/action_view/renderer/renderer.rb:23:in `render'
     # /Users/andela/.calabash/gems/actionview-4.2.1/lib/action_view/rendering.rb:100:in `_render_template'
     # /Users/andela/.calabash/gems/actionpack-4.2.1/lib/action_controller/metal/streaming.rb:217:in `_render_template'
     # /Users/andela/.calabash/gems/actionview-4.2.1/lib/action_view/rendering.rb:83:in `render_to_body'
     # /Users/andela/.calabash/gems/actionpack-4.2.1/lib/action_controller/metal/rendering.rb:32:in `render_to_body'
     # /Users/andela/.calabash/gems/actionpack-4.2.1/lib/action_controller/metal/renderers.rb:37:in `render_to_body'
     # /Users/andela/.calabash/gems/actionpack-4.2.1/lib/abstract_controller/rendering.rb:25:in `render'
     # /Users/andela/.calabash/gems/actionpack-4.2.1/lib/action_controller/metal/rendering.rb:16:in `render'
     # /Users/andela/.calabash/gems/actionpack-4.2.1/lib/action_controller/metal/instrumentation.rb:44:in `block (2 levels) in render'
     # /Users/andela/.calabash/gems/activesupport-4.2.1/lib/active_support/core_ext/benchmark.rb:12:in `block in ms'
     # /Users/andela/.calabash/gems/activesupport-4.2.1/lib/active_support/core_ext/benchmark.rb:12:in `ms'
     # /Users/andela/.calabash/gems/actionpack-4.2.1/lib/action_controller/metal/instrumentation.rb:44:in `block in render'
     # /Users/andela/.calabash/gems/actionpack-4.2.1/lib/action_controller/metal/instrumentation.rb:87:in `cleanup_view_runtime'
     # /Users/andela/.calabash/gems/activerecord-4.2.1/lib/active_record/railties/controller_runtime.rb:25:in `cleanup_view_runtime'
     # /Users/andela/.calabash/gems/actionpack-4.2.1/lib/action_controller/metal/instrumentation.rb:43:in `render'
     # /Users/andela/.calabash/gems/meta-tags-2.1.0/lib/meta_tags/controller_helper.rb:26:in `render_with_meta_tags'
     # /Users/andela/.calabash/gems/wicked_pdf-1.0.3/lib/wicked_pdf/pdf_helper.rb:23:in `render_with_wicked_pdf'
     # /Users/andela/.calabash/gems/actionpack-4.2.1/lib/action_controller/metal/implicit_render.rb:10:in `default_render'
     # /Users/andela/.calabash/gems/actionpack-4.2.1/lib/action_controller/metal/implicit_render.rb:5:in `send_action'
     # /Users/andela/.calabash/gems/actionpack-4.2.1/lib/abstract_controller/base.rb:198:in `process_action'
     # /Users/andela/.calabash/gems/actionpack-4.2.1/lib/action_controller/metal/rendering.rb:10:in `process_action'
     # /Users/andela/.calabash/gems/actionpack-4.2.1/lib/abstract_controller/callbacks.rb:20:in `block in process_action'
     # /Users/andela/.calabash/gems/activesupport-4.2.1/lib/active_support/callbacks.rb:117:in `call'
     # /Users/andela/.calabash/gems/activesupport-4.2.1/lib/active_support/callbacks.rb:117:in `call'
     # /Users/andela/.calabash/gems/activesupport-4.2.1/lib/active_support/callbacks.rb:555:in `block (2 levels) in compile'
     # /Users/andela/.calabash/gems/activesupport-4.2.1/lib/active_support/callbacks.rb:505:in `call'
     # /Users/andela/.calabash/gems/activesupport-4.2.1/lib/active_support/callbacks.rb:505:in `call'
     # /Users/andela/.calabash/gems/activesupport-4.2.1/lib/active_support/callbacks.rb:92:in `_run_callbacks'
     # /Users/andela/.calabash/gems/activesupport-4.2.1/lib/active_support/callbacks.rb:776:in `_run_process_action_callbacks'
     # /Users/andela/.calabash/gems/activesupport-4.2.1/lib/active_support/callbacks.rb:81:in `run_callbacks'
     # /Users/andela/.calabash/gems/actionpack-4.2.1/lib/abstract_controller/callbacks.rb:19:in `process_action'
     # /Users/andela/.calabash/gems/actionpack-4.2.1/lib/action_controller/metal/rescue.rb:29:in `process_action'
     # /Users/andela/.calabash/gems/actionpack-4.2.1/lib/action_controller/metal/instrumentation.rb:32:in `block in process_action'
     # /Users/andela/.calabash/gems/activesupport-4.2.1/lib/active_support/notifications.rb:164:in `block in instrument'
     # /Users/andela/.calabash/gems/activesupport-4.2.1/lib/active_support/notifications/instrumenter.rb:20:in `instrument'
     # /Users/andela/.calabash/gems/activesupport-4.2.1/lib/active_support/notifications.rb:164:in `instrument'
     # /Users/andela/.calabash/gems/actionpack-4.2.1/lib/action_controller/metal/instrumentation.rb:30:in `process_action'
     # /Users/andela/.calabash/gems/actionpack-4.2.1/lib/action_controller/metal/params_wrapper.rb:250:in `process_action'
     # /Users/andela/.calabash/gems/activerecord-4.2.1/lib/active_record/railties/controller_runtime.rb:18:in `process_action'
     # /Users/andela/.calabash/gems/actionpack-4.2.1/lib/abstract_controller/base.rb:137:in `process'
     # /Users/andela/.calabash/gems/actionview-4.2.1/lib/action_view/rendering.rb:30:in `process'
     # /Users/andela/.calabash/gems/actionpack-4.2.1/lib/action_controller/metal.rb:196:in `dispatch'
     # /Users/andela/.calabash/gems/actionpack-4.2.1/lib/action_controller/metal/rack_delegation.rb:13:in `dispatch'
     # /Users/andela/.calabash/gems/actionpack-4.2.1/lib/action_controller/metal.rb:237:in `block in action'
     # /Users/andela/.calabash/gems/actionpack-4.2.1/lib/action_dispatch/routing/route_set.rb:74:in `call'
     # /Users/andela/.calabash/gems/actionpack-4.2.1/lib/action_dispatch/routing/route_set.rb:74:in `dispatch'
     # /Users/andela/.calabash/gems/actionpack-4.2.1/lib/action_dispatch/routing/route_set.rb:43:in `serve'
     # /Users/andela/.calabash/gems/actionpack-4.2.1/lib/action_dispatch/journey/router.rb:43:in `block in serve'
     # /Users/andela/.calabash/gems/actionpack-4.2.1/lib/action_dispatch/journey/router.rb:30:in `each'
     # /Users/andela/.calabash/gems/actionpack-4.2.1/lib/action_dispatch/journey/router.rb:30:in `serve'
     # /Users/andela/.calabash/gems/actionpack-4.2.1/lib/action_dispatch/routing/route_set.rb:819:in `call'
     # /Users/andela/.calabash/gems/omniauth-1.2.2/lib/omniauth/strategy.rb:404:in `call_app!'
     # /Users/andela/.calabash/gems/omniauth-1.2.2/lib/omniauth/strategy.rb:262:in `mock_call!'
     # /Users/andela/.calabash/gems/omniauth-1.2.2/lib/omniauth/strategy.rb:181:in `call!'
     # /Users/andela/.calabash/gems/omniauth-1.2.2/lib/omniauth/strategy.rb:164:in `call'
     # /Users/andela/.calabash/gems/omniauth-1.2.2/lib/omniauth/strategy.rb:404:in `call_app!'
     # /Users/andela/.calabash/gems/omniauth-1.2.2/lib/omniauth/strategy.rb:262:in `mock_call!'
     # /Users/andela/.calabash/gems/omniauth-1.2.2/lib/omniauth/strategy.rb:181:in `call!'
     # /Users/andela/.calabash/gems/omniauth-1.2.2/lib/omniauth/strategy.rb:164:in `call'
     # /Users/andela/.calabash/gems/omniauth-1.2.2/lib/omniauth/strategy.rb:404:in `call_app!'
     # /Users/andela/.calabash/gems/omniauth-1.2.2/lib/omniauth/strategy.rb:262:in `mock_call!'
     # /Users/andela/.calabash/gems/omniauth-1.2.2/lib/omniauth/strategy.rb:181:in `call!'
     # /Users/andela/.calabash/gems/omniauth-1.2.2/lib/omniauth/strategy.rb:164:in `call'
     # /Users/andela/.calabash/gems/omniauth-1.2.2/lib/omniauth/strategy.rb:404:in `call_app!'
     # /Users/andela/.calabash/gems/omniauth-1.2.2/lib/omniauth/strategy.rb:262:in `mock_call!'
     # /Users/andela/.calabash/gems/omniauth-1.2.2/lib/omniauth/strategy.rb:181:in `call!'
     # /Users/andela/.calabash/gems/omniauth-1.2.2/lib/omniauth/strategy.rb:164:in `call'
     # /Users/andela/.calabash/gems/omniauth-1.2.2/lib/omniauth/strategy.rb:404:in `call_app!'
     # /Users/andela/.calabash/gems/omniauth-1.2.2/lib/omniauth/strategy.rb:262:in `mock_call!'
     # /Users/andela/.calabash/gems/omniauth-1.2.2/lib/omniauth/strategy.rb:181:in `call!'
     # /Users/andela/.calabash/gems/omniauth-1.2.2/lib/omniauth/strategy.rb:164:in `call'
     # /Users/andela/.calabash/gems/omniauth-1.2.2/lib/omniauth/strategy.rb:404:in `call_app!'
     # /Users/andela/.calabash/gems/omniauth-1.2.2/lib/omniauth/strategy.rb:262:in `mock_call!'
     # /Users/andela/.calabash/gems/omniauth-1.2.2/lib/omniauth/strategy.rb:181:in `call!'
     # /Users/andela/.calabash/gems/omniauth-1.2.2/lib/omniauth/strategy.rb:164:in `call'
     # /Users/andela/.calabash/gems/omniauth-1.2.2/lib/omniauth/builder.rb:59:in `call'
     # /Users/andela/.calabash/gems/wicked_pdf-1.0.3/lib/wicked_pdf/middleware.rb:14:in `call'
     # /Users/andela/.calabash/gems/rack-1.6.4/lib/rack/etag.rb:24:in `call'
     # /Users/andela/.calabash/gems/rack-1.6.4/lib/rack/conditionalget.rb:25:in `call'
     # /Users/andela/.calabash/gems/rack-1.6.4/lib/rack/head.rb:13:in `call'
     # /Users/andela/.calabash/gems/actionpack-4.2.1/lib/action_dispatch/middleware/params_parser.rb:27:in `call'
     # /Users/andela/.calabash/gems/actionpack-4.2.1/lib/action_dispatch/middleware/flash.rb:260:in `call'
     # /Users/andela/.calabash/gems/rack-1.6.4/lib/rack/session/abstract/id.rb:225:in `context'
     # /Users/andela/.calabash/gems/rack-1.6.4/lib/rack/session/abstract/id.rb:220:in `call'
     # /Users/andela/.calabash/gems/actionpack-4.2.1/lib/action_dispatch/middleware/cookies.rb:560:in `call'
     # /Users/andela/.calabash/gems/activerecord-4.2.1/lib/active_record/query_cache.rb:36:in `call'
     # /Users/andela/.calabash/gems/activerecord-4.2.1/lib/active_record/connection_adapters/abstract/connection_pool.rb:649:in `call'
     # /Users/andela/.calabash/gems/actionpack-4.2.1/lib/action_dispatch/middleware/callbacks.rb:29:in `block in call'
     # /Users/andela/.calabash/gems/activesupport-4.2.1/lib/active_support/callbacks.rb:88:in `call'
     # /Users/andela/.calabash/gems/activesupport-4.2.1/lib/active_support/callbacks.rb:88:in `_run_callbacks'
     # /Users/andela/.calabash/gems/activesupport-4.2.1/lib/active_support/callbacks.rb:776:in `_run_call_callbacks'
     # /Users/andela/.calabash/gems/activesupport-4.2.1/lib/active_support/callbacks.rb:81:in `run_callbacks'
     # /Users/andela/.calabash/gems/actionpack-4.2.1/lib/action_dispatch/middleware/callbacks.rb:27:in `call'
     # /Users/andela/.calabash/gems/actionpack-4.2.1/lib/action_dispatch/middleware/remote_ip.rb:78:in `call'
     # /Users/andela/.calabash/gems/actionpack-4.2.1/lib/action_dispatch/middleware/debug_exceptions.rb:17:in `call'
     # /Users/andela/.calabash/gems/web-console-2.2.1/lib/web_console/middleware.rb:39:in `call'
     # /Users/andela/.calabash/gems/actionpack-4.2.1/lib/action_dispatch/middleware/show_exceptions.rb:30:in `call'
     # /Users/andela/.calabash/gems/railties-4.2.1/lib/rails/rack/logger.rb:38:in `call_app'
     # /Users/andela/.calabash/gems/railties-4.2.1/lib/rails/rack/logger.rb:20:in `block in call'
     # /Users/andela/.calabash/gems/activesupport-4.2.1/lib/active_support/tagged_logging.rb:68:in `block in tagged'
     # /Users/andela/.calabash/gems/activesupport-4.2.1/lib/active_support/tagged_logging.rb:26:in `tagged'
     # /Users/andela/.calabash/gems/activesupport-4.2.1/lib/active_support/tagged_logging.rb:68:in `tagged'
     # /Users/andela/.calabash/gems/railties-4.2.1/lib/rails/rack/logger.rb:20:in `call'
     # /Users/andela/.calabash/gems/request_store-1.2.0/lib/request_store/middleware.rb:8:in `call'
     # /Users/andela/.calabash/gems/actionpack-4.2.1/lib/action_dispatch/middleware/request_id.rb:21:in `call'
     # /Users/andela/.calabash/gems/rack-1.6.4/lib/rack/methodoverride.rb:22:in `call'
     # /Users/andela/.calabash/gems/rack-1.6.4/lib/rack/runtime.rb:18:in `call'
     # /Users/andela/.calabash/gems/activesupport-4.2.1/lib/active_support/cache/strategy/local_cache_middleware.rb:28:in `call'
     # /Users/andela/.calabash/gems/rack-1.6.4/lib/rack/lock.rb:17:in `call'
     # /Users/andela/.calabash/gems/actionpack-4.2.1/lib/action_dispatch/middleware/static.rb:113:in `call'
     # /Users/andela/.calabash/gems/rack-1.6.4/lib/rack/sendfile.rb:113:in `call'
     # /Users/andela/.calabash/gems/railties-4.2.1/lib/rails/engine.rb:518:in `call'
     # /Users/andela/.calabash/gems/railties-4.2.1/lib/rails/application.rb:164:in `call'
     # /Users/andela/.calabash/gems/rack-1.6.4/lib/rack/urlmap.rb:66:in `block in call'
     # /Users/andela/.calabash/gems/rack-1.6.4/lib/rack/urlmap.rb:50:in `each'
     # /Users/andela/.calabash/gems/rack-1.6.4/lib/rack/urlmap.rb:50:in `call'
     # /Users/andela/.calabash/gems/capybara-2.5.0/lib/capybara/server.rb:19:in `call'
     # /Users/andela/.calabash/gems/puma-2.11.1/lib/puma/server.rb:507:in `handle_request'
     # /Users/andela/.calabash/gems/puma-2.11.1/lib/puma/server.rb:375:in `process_client'
     # /Users/andela/.calabash/gems/puma-2.11.1/lib/puma/server.rb:262:in `block in run'
     # /Users/andela/.calabash/gems/puma-2.11.1/lib/puma/thread_pool.rb:104:in `call'
     # /Users/andela/.calabash/gems/puma-2.11.1/lib/puma/thread_pool.rb:104:in `block in spawn_thread'
     # ------------------
     # --- Caused by: ---
     # Capybara::ExpectationNotMet:
     #   expected to find css "p.center" with text "Create it, Preview it, Publish it!" but there were no matches
     #   /Users/andela/.calabash/gems/capybara-2.5.0/lib/capybara/node/matchers.rb:97:in `block in assert_selector'

  2) Event Manager edits event Manager logs in and tries to edit event
     Failure/Error: generate_event_path(@event.id),

     ActionView::Template::Error:
       No route matches {:action=>"generate", :controller=>"events", :id=>nil} missing required keys: [:id]
     # /Users/andela/.calabash/gems/actionpack-4.2.1/lib/action_dispatch/routing/route_set.rb:259:in `raise_generation_error'
     # /Users/andela/.calabash/gems/actionpack-4.2.1/lib/action_dispatch/routing/route_set.rb:234:in `optimized_helper'
     # /Users/andela/.calabash/gems/actionpack-4.2.1/lib/action_dispatch/routing/route_set.rb:220:in `call'
     # /Users/andela/.calabash/gems/actionpack-4.2.1/lib/action_dispatch/routing/route_set.rb:345:in `block (2 levels) in define_url_helper'
     # ./app/views/events/_eventdetails.html.erb:49:in `_app_views_events__eventdetails_html_erb___242596873568159197_70108312273740'
     # /Users/andela/.calabash/gems/actionview-4.2.1/lib/action_view/template.rb:145:in `block in render'
     # /Users/andela/.calabash/gems/activesupport-4.2.1/lib/active_support/notifications.rb:166:in `instrument'
     # /Users/andela/.calabash/gems/actionview-4.2.1/lib/action_view/template.rb:333:in `instrument'
     # /Users/andela/.calabash/gems/actionview-4.2.1/lib/action_view/template.rb:143:in `render'
     # /Users/andela/.calabash/gems/actionview-4.2.1/lib/action_view/renderer/partial_renderer.rb:339:in `render_partial'
     # /Users/andela/.calabash/gems/actionview-4.2.1/lib/action_view/renderer/partial_renderer.rb:310:in `block in render'
     # /Users/andela/.calabash/gems/actionview-4.2.1/lib/action_view/renderer/abstract_renderer.rb:39:in `block in instrument'
     # /Users/andela/.calabash/gems/activesupport-4.2.1/lib/active_support/notifications.rb:164:in `block in instrument'
     # /Users/andela/.calabash/gems/activesupport-4.2.1/lib/active_support/notifications/instrumenter.rb:20:in `instrument'
     # /Users/andela/.calabash/gems/activesupport-4.2.1/lib/active_support/notifications.rb:164:in `instrument'
     # /Users/andela/.calabash/gems/actionview-4.2.1/lib/action_view/renderer/abstract_renderer.rb:39:in `instrument'
     # /Users/andela/.calabash/gems/actionview-4.2.1/lib/action_view/renderer/partial_renderer.rb:309:in `render'
     # /Users/andela/.calabash/gems/actionview-4.2.1/lib/action_view/renderer/renderer.rb:47:in `render_partial'
     # /Users/andela/.calabash/gems/actionview-4.2.1/lib/action_view/renderer/renderer.rb:21:in `render'
     # /Users/andela/.calabash/gems/actionview-4.2.1/lib/action_view/helpers/rendering_helper.rb:32:in `render'
     # ./app/views/events/_form.html.erb:176:in `block in _app_views_events__form_html_erb___2237906068800044744_70108332104940'
     # /Users/andela/.calabash/gems/actionview-4.2.1/lib/action_view/helpers/capture_helper.rb:38:in `block in capture'
     # /Users/andela/.calabash/gems/actionview-4.2.1/lib/action_view/helpers/capture_helper.rb:200:in `with_output_buffer'
     # /Users/andela/.calabash/gems/actionview-4.2.1/lib/action_view/helpers/capture_helper.rb:38:in `capture'
     # /Users/andela/.calabash/gems/actionview-4.2.1/lib/action_view/helpers/form_helper.rb:444:in `form_for'
     # ./app/views/events/_form.html.erb:25:in `_app_views_events__form_html_erb___2237906068800044744_70108332104940'
     # /Users/andela/.calabash/gems/actionview-4.2.1/lib/action_view/template.rb:145:in `block in render'
     # /Users/andela/.calabash/gems/activesupport-4.2.1/lib/active_support/notifications.rb:166:in `instrument'
     # /Users/andela/.calabash/gems/actionview-4.2.1/lib/action_view/template.rb:333:in `instrument'
     # /Users/andela/.calabash/gems/actionview-4.2.1/lib/action_view/template.rb:143:in `render'
     # /Users/andela/.calabash/gems/actionview-4.2.1/lib/action_view/renderer/partial_renderer.rb:339:in `render_partial'
     # /Users/andela/.calabash/gems/actionview-4.2.1/lib/action_view/renderer/partial_renderer.rb:310:in `block in render'
     # /Users/andela/.calabash/gems/actionview-4.2.1/lib/action_view/renderer/abstract_renderer.rb:39:in `block in instrument'
     # /Users/andela/.calabash/gems/activesupport-4.2.1/lib/active_support/notifications.rb:164:in `block in instrument'
     # /Users/andela/.calabash/gems/activesupport-4.2.1/lib/active_support/notifications/instrumenter.rb:20:in `instrument'
     # /Users/andela/.calabash/gems/activesupport-4.2.1/lib/active_support/notifications.rb:164:in `instrument'
     # /Users/andela/.calabash/gems/actionview-4.2.1/lib/action_view/renderer/abstract_renderer.rb:39:in `instrument'
     # /Users/andela/.calabash/gems/actionview-4.2.1/lib/action_view/renderer/partial_renderer.rb:309:in `render'
     # /Users/andela/.calabash/gems/actionview-4.2.1/lib/action_view/renderer/renderer.rb:47:in `render_partial'
     # /Users/andela/.calabash/gems/actionview-4.2.1/lib/action_view/helpers/rendering_helper.rb:35:in `render'
     # ./app/views/events/new.html.erb:11:in `_app_views_events_new_html_erb__963403320787523947_70108349813720'
     # /Users/andela/.calabash/gems/actionview-4.2.1/lib/action_view/template.rb:145:in `block in render'
     # /Users/andela/.calabash/gems/activesupport-4.2.1/lib/active_support/notifications.rb:166:in `instrument'
     # /Users/andela/.calabash/gems/actionview-4.2.1/lib/action_view/template.rb:333:in `instrument'
     # /Users/andela/.calabash/gems/actionview-4.2.1/lib/action_view/template.rb:143:in `render'
     # /Users/andela/.calabash/gems/actionview-4.2.1/lib/action_view/renderer/template_renderer.rb:54:in `block (2 levels) in render_template'
     # /Users/andela/.calabash/gems/actionview-4.2.1/lib/action_view/renderer/abstract_renderer.rb:39:in `block in instrument'
     # /Users/andela/.calabash/gems/activesupport-4.2.1/lib/active_support/notifications.rb:164:in `block in instrument'
     # /Users/andela/.calabash/gems/activesupport-4.2.1/lib/active_support/notifications/instrumenter.rb:20:in `instrument'
     # /Users/andela/.calabash/gems/activesupport-4.2.1/lib/active_support/notifications.rb:164:in `instrument'
     # /Users/andela/.calabash/gems/actionview-4.2.1/lib/action_view/renderer/abstract_renderer.rb:39:in `instrument'
     # /Users/andela/.calabash/gems/actionview-4.2.1/lib/action_view/renderer/template_renderer.rb:53:in `block in render_template'
     # /Users/andela/.calabash/gems/actionview-4.2.1/lib/action_view/renderer/template_renderer.rb:61:in `render_with_layout'
     # /Users/andela/.calabash/gems/actionview-4.2.1/lib/action_view/renderer/template_renderer.rb:52:in `render_template'
     # /Users/andela/.calabash/gems/actionview-4.2.1/lib/action_view/renderer/template_renderer.rb:14:in `render'
     # /Users/andela/.calabash/gems/actionview-4.2.1/lib/action_view/renderer/renderer.rb:42:in `render_template'
     # /Users/andela/.calabash/gems/actionview-4.2.1/lib/action_view/renderer/renderer.rb:23:in `render'
     # /Users/andela/.calabash/gems/actionview-4.2.1/lib/action_view/rendering.rb:100:in `_render_template'
     # /Users/andela/.calabash/gems/actionpack-4.2.1/lib/action_controller/metal/streaming.rb:217:in `_render_template'
     # /Users/andela/.calabash/gems/actionview-4.2.1/lib/action_view/rendering.rb:83:in `render_to_body'
     # /Users/andela/.calabash/gems/actionpack-4.2.1/lib/action_controller/metal/rendering.rb:32:in `render_to_body'
     # /Users/andela/.calabash/gems/actionpack-4.2.1/lib/action_controller/metal/renderers.rb:37:in `render_to_body'
     # /Users/andela/.calabash/gems/actionpack-4.2.1/lib/abstract_controller/rendering.rb:25:in `render'
     # /Users/andela/.calabash/gems/actionpack-4.2.1/lib/action_controller/metal/rendering.rb:16:in `render'
     # /Users/andela/.calabash/gems/actionpack-4.2.1/lib/action_controller/metal/instrumentation.rb:44:in `block (2 levels) in render'
     # /Users/andela/.calabash/gems/activesupport-4.2.1/lib/active_support/core_ext/benchmark.rb:12:in `block in ms'
     # /Users/andela/.calabash/gems/activesupport-4.2.1/lib/active_support/core_ext/benchmark.rb:12:in `ms'
     # /Users/andela/.calabash/gems/actionpack-4.2.1/lib/action_controller/metal/instrumentation.rb:44:in `block in render'
     # /Users/andela/.calabash/gems/actionpack-4.2.1/lib/action_controller/metal/instrumentation.rb:87:in `cleanup_view_runtime'
     # /Users/andela/.calabash/gems/activerecord-4.2.1/lib/active_record/railties/controller_runtime.rb:25:in `cleanup_view_runtime'
     # /Users/andela/.calabash/gems/actionpack-4.2.1/lib/action_controller/metal/instrumentation.rb:43:in `render'
     # /Users/andela/.calabash/gems/meta-tags-2.1.0/lib/meta_tags/controller_helper.rb:26:in `render_with_meta_tags'
     # /Users/andela/.calabash/gems/wicked_pdf-1.0.3/lib/wicked_pdf/pdf_helper.rb:23:in `render_with_wicked_pdf'
     # /Users/andela/.calabash/gems/actionpack-4.2.1/lib/action_controller/metal/implicit_render.rb:10:in `default_render'
     # /Users/andela/.calabash/gems/actionpack-4.2.1/lib/action_controller/metal/implicit_render.rb:5:in `send_action'
     # /Users/andela/.calabash/gems/actionpack-4.2.1/lib/abstract_controller/base.rb:198:in `process_action'
     # /Users/andela/.calabash/gems/actionpack-4.2.1/lib/action_controller/metal/rendering.rb:10:in `process_action'
     # /Users/andela/.calabash/gems/actionpack-4.2.1/lib/abstract_controller/callbacks.rb:20:in `block in process_action'
     # /Users/andela/.calabash/gems/activesupport-4.2.1/lib/active_support/callbacks.rb:117:in `call'
     # /Users/andela/.calabash/gems/activesupport-4.2.1/lib/active_support/callbacks.rb:117:in `call'
     # /Users/andela/.calabash/gems/activesupport-4.2.1/lib/active_support/callbacks.rb:555:in `block (2 levels) in compile'
     # /Users/andela/.calabash/gems/activesupport-4.2.1/lib/active_support/callbacks.rb:505:in `call'
     # /Users/andela/.calabash/gems/activesupport-4.2.1/lib/active_support/callbacks.rb:505:in `call'
     # /Users/andela/.calabash/gems/activesupport-4.2.1/lib/active_support/callbacks.rb:92:in `_run_callbacks'
     # /Users/andela/.calabash/gems/activesupport-4.2.1/lib/active_support/callbacks.rb:776:in `_run_process_action_callbacks'
     # /Users/andela/.calabash/gems/activesupport-4.2.1/lib/active_support/callbacks.rb:81:in `run_callbacks'
     # /Users/andela/.calabash/gems/actionpack-4.2.1/lib/abstract_controller/callbacks.rb:19:in `process_action'
     # /Users/andela/.calabash/gems/actionpack-4.2.1/lib/action_controller/metal/rescue.rb:29:in `process_action'
     # /Users/andela/.calabash/gems/actionpack-4.2.1/lib/action_controller/metal/instrumentation.rb:32:in `block in process_action'
     # /Users/andela/.calabash/gems/activesupport-4.2.1/lib/active_support/notifications.rb:164:in `block in instrument'
     # /Users/andela/.calabash/gems/activesupport-4.2.1/lib/active_support/notifications/instrumenter.rb:20:in `instrument'
     # /Users/andela/.calabash/gems/activesupport-4.2.1/lib/active_support/notifications.rb:164:in `instrument'
     # /Users/andela/.calabash/gems/actionpack-4.2.1/lib/action_controller/metal/instrumentation.rb:30:in `process_action'
     # /Users/andela/.calabash/gems/actionpack-4.2.1/lib/action_controller/metal/params_wrapper.rb:250:in `process_action'
     # /Users/andela/.calabash/gems/activerecord-4.2.1/lib/active_record/railties/controller_runtime.rb:18:in `process_action'
     # /Users/andela/.calabash/gems/actionpack-4.2.1/lib/abstract_controller/base.rb:137:in `process'
     # /Users/andela/.calabash/gems/actionview-4.2.1/lib/action_view/rendering.rb:30:in `process'
     # /Users/andela/.calabash/gems/actionpack-4.2.1/lib/action_controller/metal.rb:196:in `dispatch'
     # /Users/andela/.calabash/gems/actionpack-4.2.1/lib/action_controller/metal/rack_delegation.rb:13:in `dispatch'
     # /Users/andela/.calabash/gems/actionpack-4.2.1/lib/action_controller/metal.rb:237:in `block in action'
     # /Users/andela/.calabash/gems/actionpack-4.2.1/lib/action_dispatch/routing/route_set.rb:74:in `call'
     # /Users/andela/.calabash/gems/actionpack-4.2.1/lib/action_dispatch/routing/route_set.rb:74:in `dispatch'
     # /Users/andela/.calabash/gems/actionpack-4.2.1/lib/action_dispatch/routing/route_set.rb:43:in `serve'
     # /Users/andela/.calabash/gems/actionpack-4.2.1/lib/action_dispatch/journey/router.rb:43:in `block in serve'
     # /Users/andela/.calabash/gems/actionpack-4.2.1/lib/action_dispatch/journey/router.rb:30:in `each'
     # /Users/andela/.calabash/gems/actionpack-4.2.1/lib/action_dispatch/journey/router.rb:30:in `serve'
     # /Users/andela/.calabash/gems/actionpack-4.2.1/lib/action_dispatch/routing/route_set.rb:819:in `call'
     # /Users/andela/.calabash/gems/omniauth-1.2.2/lib/omniauth/strategy.rb:404:in `call_app!'
     # /Users/andela/.calabash/gems/omniauth-1.2.2/lib/omniauth/strategy.rb:262:in `mock_call!'
     # /Users/andela/.calabash/gems/omniauth-1.2.2/lib/omniauth/strategy.rb:181:in `call!'
     # /Users/andela/.calabash/gems/omniauth-1.2.2/lib/omniauth/strategy.rb:164:in `call'
     # /Users/andela/.calabash/gems/omniauth-1.2.2/lib/omniauth/strategy.rb:404:in `call_app!'
     # /Users/andela/.calabash/gems/omniauth-1.2.2/lib/omniauth/strategy.rb:262:in `mock_call!'
     # /Users/andela/.calabash/gems/omniauth-1.2.2/lib/omniauth/strategy.rb:181:in `call!'
     # /Users/andela/.calabash/gems/omniauth-1.2.2/lib/omniauth/strategy.rb:164:in `call'
     # /Users/andela/.calabash/gems/omniauth-1.2.2/lib/omniauth/strategy.rb:404:in `call_app!'
     # /Users/andela/.calabash/gems/omniauth-1.2.2/lib/omniauth/strategy.rb:262:in `mock_call!'
     # /Users/andela/.calabash/gems/omniauth-1.2.2/lib/omniauth/strategy.rb:181:in `call!'
     # /Users/andela/.calabash/gems/omniauth-1.2.2/lib/omniauth/strategy.rb:164:in `call'
     # /Users/andela/.calabash/gems/omniauth-1.2.2/lib/omniauth/strategy.rb:404:in `call_app!'
     # /Users/andela/.calabash/gems/omniauth-1.2.2/lib/omniauth/strategy.rb:262:in `mock_call!'
     # /Users/andela/.calabash/gems/omniauth-1.2.2/lib/omniauth/strategy.rb:181:in `call!'
     # /Users/andela/.calabash/gems/omniauth-1.2.2/lib/omniauth/strategy.rb:164:in `call'
     # /Users/andela/.calabash/gems/omniauth-1.2.2/lib/omniauth/strategy.rb:404:in `call_app!'
     # /Users/andela/.calabash/gems/omniauth-1.2.2/lib/omniauth/strategy.rb:262:in `mock_call!'
     # /Users/andela/.calabash/gems/omniauth-1.2.2/lib/omniauth/strategy.rb:181:in `call!'
     # /Users/andela/.calabash/gems/omniauth-1.2.2/lib/omniauth/strategy.rb:164:in `call'
     # /Users/andela/.calabash/gems/omniauth-1.2.2/lib/omniauth/strategy.rb:404:in `call_app!'
     # /Users/andela/.calabash/gems/omniauth-1.2.2/lib/omniauth/strategy.rb:262:in `mock_call!'
     # /Users/andela/.calabash/gems/omniauth-1.2.2/lib/omniauth/strategy.rb:181:in `call!'
     # /Users/andela/.calabash/gems/omniauth-1.2.2/lib/omniauth/strategy.rb:164:in `call'
     # /Users/andela/.calabash/gems/omniauth-1.2.2/lib/omniauth/builder.rb:59:in `call'
     # /Users/andela/.calabash/gems/wicked_pdf-1.0.3/lib/wicked_pdf/middleware.rb:14:in `call'
     # /Users/andela/.calabash/gems/rack-1.6.4/lib/rack/etag.rb:24:in `call'
     # /Users/andela/.calabash/gems/rack-1.6.4/lib/rack/conditionalget.rb:25:in `call'
     # /Users/andela/.calabash/gems/rack-1.6.4/lib/rack/head.rb:13:in `call'
     # /Users/andela/.calabash/gems/actionpack-4.2.1/lib/action_dispatch/middleware/params_parser.rb:27:in `call'
     # /Users/andela/.calabash/gems/actionpack-4.2.1/lib/action_dispatch/middleware/flash.rb:260:in `call'
     # /Users/andela/.calabash/gems/rack-1.6.4/lib/rack/session/abstract/id.rb:225:in `context'
     # /Users/andela/.calabash/gems/rack-1.6.4/lib/rack/session/abstract/id.rb:220:in `call'
     # /Users/andela/.calabash/gems/actionpack-4.2.1/lib/action_dispatch/middleware/cookies.rb:560:in `call'
     # /Users/andela/.calabash/gems/activerecord-4.2.1/lib/active_record/query_cache.rb:36:in `call'
     # /Users/andela/.calabash/gems/activerecord-4.2.1/lib/active_record/connection_adapters/abstract/connection_pool.rb:649:in `call'
     # /Users/andela/.calabash/gems/actionpack-4.2.1/lib/action_dispatch/middleware/callbacks.rb:29:in `block in call'
     # /Users/andela/.calabash/gems/activesupport-4.2.1/lib/active_support/callbacks.rb:88:in `call'
     # /Users/andela/.calabash/gems/activesupport-4.2.1/lib/active_support/callbacks.rb:88:in `_run_callbacks'
     # /Users/andela/.calabash/gems/activesupport-4.2.1/lib/active_support/callbacks.rb:776:in `_run_call_callbacks'
     # /Users/andela/.calabash/gems/activesupport-4.2.1/lib/active_support/callbacks.rb:81:in `run_callbacks'
     # /Users/andela/.calabash/gems/actionpack-4.2.1/lib/action_dispatch/middleware/callbacks.rb:27:in `call'
     # /Users/andela/.calabash/gems/actionpack-4.2.1/lib/action_dispatch/middleware/remote_ip.rb:78:in `call'
     # /Users/andela/.calabash/gems/actionpack-4.2.1/lib/action_dispatch/middleware/debug_exceptions.rb:17:in `call'
     # /Users/andela/.calabash/gems/web-console-2.2.1/lib/web_console/middleware.rb:39:in `call'
     # /Users/andela/.calabash/gems/actionpack-4.2.1/lib/action_dispatch/middleware/show_exceptions.rb:30:in `call'
     # /Users/andela/.calabash/gems/railties-4.2.1/lib/rails/rack/logger.rb:38:in `call_app'
     # /Users/andela/.calabash/gems/railties-4.2.1/lib/rails/rack/logger.rb:20:in `block in call'
     # /Users/andela/.calabash/gems/activesupport-4.2.1/lib/active_support/tagged_logging.rb:68:in `block in tagged'
     # /Users/andela/.calabash/gems/activesupport-4.2.1/lib/active_support/tagged_logging.rb:26:in `tagged'
     # /Users/andela/.calabash/gems/activesupport-4.2.1/lib/active_support/tagged_logging.rb:68:in `tagged'
     # /Users/andela/.calabash/gems/railties-4.2.1/lib/rails/rack/logger.rb:20:in `call'
     # /Users/andela/.calabash/gems/request_store-1.2.0/lib/request_store/middleware.rb:8:in `call'
     # /Users/andela/.calabash/gems/actionpack-4.2.1/lib/action_dispatch/middleware/request_id.rb:21:in `call'
     # /Users/andela/.calabash/gems/rack-1.6.4/lib/rack/methodoverride.rb:22:in `call'
     # /Users/andela/.calabash/gems/rack-1.6.4/lib/rack/runtime.rb:18:in `call'
     # /Users/andela/.calabash/gems/activesupport-4.2.1/lib/active_support/cache/strategy/local_cache_middleware.rb:28:in `call'
     # /Users/andela/.calabash/gems/rack-1.6.4/lib/rack/lock.rb:17:in `call'
     # /Users/andela/.calabash/gems/actionpack-4.2.1/lib/action_dispatch/middleware/static.rb:113:in `call'
     # /Users/andela/.calabash/gems/rack-1.6.4/lib/rack/sendfile.rb:113:in `call'
     # /Users/andela/.calabash/gems/railties-4.2.1/lib/rails/engine.rb:518:in `call'
     # /Users/andela/.calabash/gems/railties-4.2.1/lib/rails/application.rb:164:in `call'
     # /Users/andela/.calabash/gems/rack-1.6.4/lib/rack/urlmap.rb:66:in `block in call'
     # /Users/andela/.calabash/gems/rack-1.6.4/lib/rack/urlmap.rb:50:in `each'
     # /Users/andela/.calabash/gems/rack-1.6.4/lib/rack/urlmap.rb:50:in `call'
     # /Users/andela/.calabash/gems/capybara-2.5.0/lib/capybara/server.rb:19:in `call'
     # /Users/andela/.calabash/gems/puma-2.11.1/lib/puma/server.rb:507:in `handle_request'
     # /Users/andela/.calabash/gems/puma-2.11.1/lib/puma/server.rb:375:in `process_client'
     # /Users/andela/.calabash/gems/puma-2.11.1/lib/puma/server.rb:262:in `block in run'
     # /Users/andela/.calabash/gems/puma-2.11.1/lib/puma/thread_pool.rb:104:in `call'
     # /Users/andela/.calabash/gems/puma-2.11.1/lib/puma/thread_pool.rb:104:in `block in spawn_thread'
     # ------------------
     # --- Caused by: ---
     # Capybara::ElementNotFound:
     #   Unable to find field "event[title]"
     #   /Users/andela/.calabash/gems/capybara-2.5.0/lib/capybara/node/finders.rb:43:in `block in find'

  3) Event Manager edits event Manager fills in wrong event information
     Failure/Error: generate_event_path(@event.id),

     ActionView::Template::Error:
       No route matches {:action=>"generate", :controller=>"events", :id=>nil} missing required keys: [:id]
     # /Users/andela/.calabash/gems/actionpack-4.2.1/lib/action_dispatch/routing/route_set.rb:259:in `raise_generation_error'
     # /Users/andela/.calabash/gems/actionpack-4.2.1/lib/action_dispatch/routing/route_set.rb:234:in `optimized_helper'
     # /Users/andela/.calabash/gems/actionpack-4.2.1/lib/action_dispatch/routing/route_set.rb:220:in `call'
     # /Users/andela/.calabash/gems/actionpack-4.2.1/lib/action_dispatch/routing/route_set.rb:345:in `block (2 levels) in define_url_helper'
     # ./app/views/events/_eventdetails.html.erb:49:in `_app_views_events__eventdetails_html_erb___242596873568159197_70108312273740'
     # /Users/andela/.calabash/gems/actionview-4.2.1/lib/action_view/template.rb:145:in `block in render'
     # /Users/andela/.calabash/gems/activesupport-4.2.1/lib/active_support/notifications.rb:166:in `instrument'
     # /Users/andela/.calabash/gems/actionview-4.2.1/lib/action_view/template.rb:333:in `instrument'
     # /Users/andela/.calabash/gems/actionview-4.2.1/lib/action_view/template.rb:143:in `render'
     # /Users/andela/.calabash/gems/actionview-4.2.1/lib/action_view/renderer/partial_renderer.rb:339:in `render_partial'
     # /Users/andela/.calabash/gems/actionview-4.2.1/lib/action_view/renderer/partial_renderer.rb:310:in `block in render'
     # /Users/andela/.calabash/gems/actionview-4.2.1/lib/action_view/renderer/abstract_renderer.rb:39:in `block in instrument'
     # /Users/andela/.calabash/gems/activesupport-4.2.1/lib/active_support/notifications.rb:164:in `block in instrument'
     # /Users/andela/.calabash/gems/activesupport-4.2.1/lib/active_support/notifications/instrumenter.rb:20:in `instrument'
     # /Users/andela/.calabash/gems/activesupport-4.2.1/lib/active_support/notifications.rb:164:in `instrument'
     # /Users/andela/.calabash/gems/actionview-4.2.1/lib/action_view/renderer/abstract_renderer.rb:39:in `instrument'
     # /Users/andela/.calabash/gems/actionview-4.2.1/lib/action_view/renderer/partial_renderer.rb:309:in `render'
     # /Users/andela/.calabash/gems/actionview-4.2.1/lib/action_view/renderer/renderer.rb:47:in `render_partial'
     # /Users/andela/.calabash/gems/actionview-4.2.1/lib/action_view/renderer/renderer.rb:21:in `render'
     # /Users/andela/.calabash/gems/actionview-4.2.1/lib/action_view/helpers/rendering_helper.rb:32:in `render'
     # ./app/views/events/_form.html.erb:176:in `block in _app_views_events__form_html_erb___2237906068800044744_70108332104940'
     # /Users/andela/.calabash/gems/actionview-4.2.1/lib/action_view/helpers/capture_helper.rb:38:in `block in capture'
     # /Users/andela/.calabash/gems/actionview-4.2.1/lib/action_view/helpers/capture_helper.rb:200:in `with_output_buffer'
     # /Users/andela/.calabash/gems/actionview-4.2.1/lib/action_view/helpers/capture_helper.rb:38:in `capture'
     # /Users/andela/.calabash/gems/actionview-4.2.1/lib/action_view/helpers/form_helper.rb:444:in `form_for'
     # ./app/views/events/_form.html.erb:25:in `_app_views_events__form_html_erb___2237906068800044744_70108332104940'
     # /Users/andela/.calabash/gems/actionview-4.2.1/lib/action_view/template.rb:145:in `block in render'
     # /Users/andela/.calabash/gems/activesupport-4.2.1/lib/active_support/notifications.rb:166:in `instrument'
     # /Users/andela/.calabash/gems/actionview-4.2.1/lib/action_view/template.rb:333:in `instrument'
     # /Users/andela/.calabash/gems/actionview-4.2.1/lib/action_view/template.rb:143:in `render'
     # /Users/andela/.calabash/gems/actionview-4.2.1/lib/action_view/renderer/partial_renderer.rb:339:in `render_partial'
     # /Users/andela/.calabash/gems/actionview-4.2.1/lib/action_view/renderer/partial_renderer.rb:310:in `block in render'
     # /Users/andela/.calabash/gems/actionview-4.2.1/lib/action_view/renderer/abstract_renderer.rb:39:in `block in instrument'
     # /Users/andela/.calabash/gems/activesupport-4.2.1/lib/active_support/notifications.rb:164:in `block in instrument'
     # /Users/andela/.calabash/gems/activesupport-4.2.1/lib/active_support/notifications/instrumenter.rb:20:in `instrument'
     # /Users/andela/.calabash/gems/activesupport-4.2.1/lib/active_support/notifications.rb:164:in `instrument'
     # /Users/andela/.calabash/gems/actionview-4.2.1/lib/action_view/renderer/abstract_renderer.rb:39:in `instrument'
     # /Users/andela/.calabash/gems/actionview-4.2.1/lib/action_view/renderer/partial_renderer.rb:309:in `render'
     # /Users/andela/.calabash/gems/actionview-4.2.1/lib/action_view/renderer/renderer.rb:47:in `render_partial'
     # /Users/andela/.calabash/gems/actionview-4.2.1/lib/action_view/helpers/rendering_helper.rb:35:in `render'
     # ./app/views/events/new.html.erb:11:in `_app_views_events_new_html_erb__963403320787523947_70108349813720'
     # /Users/andela/.calabash/gems/actionview-4.2.1/lib/action_view/template.rb:145:in `block in render'
     # /Users/andela/.calabash/gems/activesupport-4.2.1/lib/active_support/notifications.rb:166:in `instrument'
     # /Users/andela/.calabash/gems/actionview-4.2.1/lib/action_view/template.rb:333:in `instrument'
     # /Users/andela/.calabash/gems/actionview-4.2.1/lib/action_view/template.rb:143:in `render'
     # /Users/andela/.calabash/gems/actionview-4.2.1/lib/action_view/renderer/template_renderer.rb:54:in `block (2 levels) in render_template'
     # /Users/andela/.calabash/gems/actionview-4.2.1/lib/action_view/renderer/abstract_renderer.rb:39:in `block in instrument'
     # /Users/andela/.calabash/gems/activesupport-4.2.1/lib/active_support/notifications.rb:164:in `block in instrument'
     # /Users/andela/.calabash/gems/activesupport-4.2.1/lib/active_support/notifications/instrumenter.rb:20:in `instrument'
     # /Users/andela/.calabash/gems/activesupport-4.2.1/lib/active_support/notifications.rb:164:in `instrument'
     # /Users/andela/.calabash/gems/actionview-4.2.1/lib/action_view/renderer/abstract_renderer.rb:39:in `instrument'
     # /Users/andela/.calabash/gems/actionview-4.2.1/lib/action_view/renderer/template_renderer.rb:53:in `block in render_template'
     # /Users/andela/.calabash/gems/actionview-4.2.1/lib/action_view/renderer/template_renderer.rb:61:in `render_with_layout'
     # /Users/andela/.calabash/gems/actionview-4.2.1/lib/action_view/renderer/template_renderer.rb:52:in `render_template'
     # /Users/andela/.calabash/gems/actionview-4.2.1/lib/action_view/renderer/template_renderer.rb:14:in `render'
     # /Users/andela/.calabash/gems/actionview-4.2.1/lib/action_view/renderer/renderer.rb:42:in `render_template'
     # /Users/andela/.calabash/gems/actionview-4.2.1/lib/action_view/renderer/renderer.rb:23:in `render'
     # /Users/andela/.calabash/gems/actionview-4.2.1/lib/action_view/rendering.rb:100:in `_render_template'
     # /Users/andela/.calabash/gems/actionpack-4.2.1/lib/action_controller/metal/streaming.rb:217:in `_render_template'
     # /Users/andela/.calabash/gems/actionview-4.2.1/lib/action_view/rendering.rb:83:in `render_to_body'
     # /Users/andela/.calabash/gems/actionpack-4.2.1/lib/action_controller/metal/rendering.rb:32:in `render_to_body'
     # /Users/andela/.calabash/gems/actionpack-4.2.1/lib/action_controller/metal/renderers.rb:37:in `render_to_body'
     # /Users/andela/.calabash/gems/actionpack-4.2.1/lib/abstract_controller/rendering.rb:25:in `render'
     # /Users/andela/.calabash/gems/actionpack-4.2.1/lib/action_controller/metal/rendering.rb:16:in `render'
     # /Users/andela/.calabash/gems/actionpack-4.2.1/lib/action_controller/metal/instrumentation.rb:44:in `block (2 levels) in render'
     # /Users/andela/.calabash/gems/activesupport-4.2.1/lib/active_support/core_ext/benchmark.rb:12:in `block in ms'
     # /Users/andela/.calabash/gems/activesupport-4.2.1/lib/active_support/core_ext/benchmark.rb:12:in `ms'
     # /Users/andela/.calabash/gems/actionpack-4.2.1/lib/action_controller/metal/instrumentation.rb:44:in `block in render'
     # /Users/andela/.calabash/gems/actionpack-4.2.1/lib/action_controller/metal/instrumentation.rb:87:in `cleanup_view_runtime'
     # /Users/andela/.calabash/gems/activerecord-4.2.1/lib/active_record/railties/controller_runtime.rb:25:in `cleanup_view_runtime'
     # /Users/andela/.calabash/gems/actionpack-4.2.1/lib/action_controller/metal/instrumentation.rb:43:in `render'
     # /Users/andela/.calabash/gems/meta-tags-2.1.0/lib/meta_tags/controller_helper.rb:26:in `render_with_meta_tags'
     # /Users/andela/.calabash/gems/wicked_pdf-1.0.3/lib/wicked_pdf/pdf_helper.rb:23:in `render_with_wicked_pdf'
     # /Users/andela/.calabash/gems/actionpack-4.2.1/lib/action_controller/metal/implicit_render.rb:10:in `default_render'
     # /Users/andela/.calabash/gems/actionpack-4.2.1/lib/action_controller/metal/implicit_render.rb:5:in `send_action'
     # /Users/andela/.calabash/gems/actionpack-4.2.1/lib/abstract_controller/base.rb:198:in `process_action'
     # /Users/andela/.calabash/gems/actionpack-4.2.1/lib/action_controller/metal/rendering.rb:10:in `process_action'
     # /Users/andela/.calabash/gems/actionpack-4.2.1/lib/abstract_controller/callbacks.rb:20:in `block in process_action'
     # /Users/andela/.calabash/gems/activesupport-4.2.1/lib/active_support/callbacks.rb:117:in `call'
     # /Users/andela/.calabash/gems/activesupport-4.2.1/lib/active_support/callbacks.rb:117:in `call'
     # /Users/andela/.calabash/gems/activesupport-4.2.1/lib/active_support/callbacks.rb:555:in `block (2 levels) in compile'
     # /Users/andela/.calabash/gems/activesupport-4.2.1/lib/active_support/callbacks.rb:505:in `call'
     # /Users/andela/.calabash/gems/activesupport-4.2.1/lib/active_support/callbacks.rb:505:in `call'
     # /Users/andela/.calabash/gems/activesupport-4.2.1/lib/active_support/callbacks.rb:92:in `_run_callbacks'
     # /Users/andela/.calabash/gems/activesupport-4.2.1/lib/active_support/callbacks.rb:776:in `_run_process_action_callbacks'
     # /Users/andela/.calabash/gems/activesupport-4.2.1/lib/active_support/callbacks.rb:81:in `run_callbacks'
     # /Users/andela/.calabash/gems/actionpack-4.2.1/lib/abstract_controller/callbacks.rb:19:in `process_action'
     # /Users/andela/.calabash/gems/actionpack-4.2.1/lib/action_controller/metal/rescue.rb:29:in `process_action'
     # /Users/andela/.calabash/gems/actionpack-4.2.1/lib/action_controller/metal/instrumentation.rb:32:in `block in process_action'
     # /Users/andela/.calabash/gems/activesupport-4.2.1/lib/active_support/notifications.rb:164:in `block in instrument'
     # /Users/andela/.calabash/gems/activesupport-4.2.1/lib/active_support/notifications/instrumenter.rb:20:in `instrument'
     # /Users/andela/.calabash/gems/activesupport-4.2.1/lib/active_support/notifications.rb:164:in `instrument'
     # /Users/andela/.calabash/gems/actionpack-4.2.1/lib/action_controller/metal/instrumentation.rb:30:in `process_action'
     # /Users/andela/.calabash/gems/actionpack-4.2.1/lib/action_controller/metal/params_wrapper.rb:250:in `process_action'
     # /Users/andela/.calabash/gems/activerecord-4.2.1/lib/active_record/railties/controller_runtime.rb:18:in `process_action'
     # /Users/andela/.calabash/gems/actionpack-4.2.1/lib/abstract_controller/base.rb:137:in `process'
     # /Users/andela/.calabash/gems/actionview-4.2.1/lib/action_view/rendering.rb:30:in `process'
     # /Users/andela/.calabash/gems/actionpack-4.2.1/lib/action_controller/metal.rb:196:in `dispatch'
     # /Users/andela/.calabash/gems/actionpack-4.2.1/lib/action_controller/metal/rack_delegation.rb:13:in `dispatch'
     # /Users/andela/.calabash/gems/actionpack-4.2.1/lib/action_controller/metal.rb:237:in `block in action'
     # /Users/andela/.calabash/gems/actionpack-4.2.1/lib/action_dispatch/routing/route_set.rb:74:in `call'
     # /Users/andela/.calabash/gems/actionpack-4.2.1/lib/action_dispatch/routing/route_set.rb:74:in `dispatch'
     # /Users/andela/.calabash/gems/actionpack-4.2.1/lib/action_dispatch/routing/route_set.rb:43:in `serve'
     # /Users/andela/.calabash/gems/actionpack-4.2.1/lib/action_dispatch/journey/router.rb:43:in `block in serve'
     # /Users/andela/.calabash/gems/actionpack-4.2.1/lib/action_dispatch/journey/router.rb:30:in `each'
     # /Users/andela/.calabash/gems/actionpack-4.2.1/lib/action_dispatch/journey/router.rb:30:in `serve'
     # /Users/andela/.calabash/gems/actionpack-4.2.1/lib/action_dispatch/routing/route_set.rb:819:in `call'
     # /Users/andela/.calabash/gems/omniauth-1.2.2/lib/omniauth/strategy.rb:404:in `call_app!'
     # /Users/andela/.calabash/gems/omniauth-1.2.2/lib/omniauth/strategy.rb:262:in `mock_call!'
     # /Users/andela/.calabash/gems/omniauth-1.2.2/lib/omniauth/strategy.rb:181:in `call!'
     # /Users/andela/.calabash/gems/omniauth-1.2.2/lib/omniauth/strategy.rb:164:in `call'
     # /Users/andela/.calabash/gems/omniauth-1.2.2/lib/omniauth/strategy.rb:404:in `call_app!'
     # /Users/andela/.calabash/gems/omniauth-1.2.2/lib/omniauth/strategy.rb:262:in `mock_call!'
     # /Users/andela/.calabash/gems/omniauth-1.2.2/lib/omniauth/strategy.rb:181:in `call!'
     # /Users/andela/.calabash/gems/omniauth-1.2.2/lib/omniauth/strategy.rb:164:in `call'
     # /Users/andela/.calabash/gems/omniauth-1.2.2/lib/omniauth/strategy.rb:404:in `call_app!'
     # /Users/andela/.calabash/gems/omniauth-1.2.2/lib/omniauth/strategy.rb:262:in `mock_call!'
     # /Users/andela/.calabash/gems/omniauth-1.2.2/lib/omniauth/strategy.rb:181:in `call!'
     # /Users/andela/.calabash/gems/omniauth-1.2.2/lib/omniauth/strategy.rb:164:in `call'
     # /Users/andela/.calabash/gems/omniauth-1.2.2/lib/omniauth/strategy.rb:404:in `call_app!'
     # /Users/andela/.calabash/gems/omniauth-1.2.2/lib/omniauth/strategy.rb:262:in `mock_call!'
     # /Users/andela/.calabash/gems/omniauth-1.2.2/lib/omniauth/strategy.rb:181:in `call!'
     # /Users/andela/.calabash/gems/omniauth-1.2.2/lib/omniauth/strategy.rb:164:in `call'
     # /Users/andela/.calabash/gems/omniauth-1.2.2/lib/omniauth/strategy.rb:404:in `call_app!'
     # /Users/andela/.calabash/gems/omniauth-1.2.2/lib/omniauth/strategy.rb:262:in `mock_call!'
     # /Users/andela/.calabash/gems/omniauth-1.2.2/lib/omniauth/strategy.rb:181:in `call!'
     # /Users/andela/.calabash/gems/omniauth-1.2.2/lib/omniauth/strategy.rb:164:in `call'
     # /Users/andela/.calabash/gems/omniauth-1.2.2/lib/omniauth/strategy.rb:404:in `call_app!'
     # /Users/andela/.calabash/gems/omniauth-1.2.2/lib/omniauth/strategy.rb:262:in `mock_call!'
     # /Users/andela/.calabash/gems/omniauth-1.2.2/lib/omniauth/strategy.rb:181:in `call!'
     # /Users/andela/.calabash/gems/omniauth-1.2.2/lib/omniauth/strategy.rb:164:in `call'
     # /Users/andela/.calabash/gems/omniauth-1.2.2/lib/omniauth/builder.rb:59:in `call'
     # /Users/andela/.calabash/gems/wicked_pdf-1.0.3/lib/wicked_pdf/middleware.rb:14:in `call'
     # /Users/andela/.calabash/gems/rack-1.6.4/lib/rack/etag.rb:24:in `call'
     # /Users/andela/.calabash/gems/rack-1.6.4/lib/rack/conditionalget.rb:25:in `call'
     # /Users/andela/.calabash/gems/rack-1.6.4/lib/rack/head.rb:13:in `call'
     # /Users/andela/.calabash/gems/actionpack-4.2.1/lib/action_dispatch/middleware/params_parser.rb:27:in `call'
     # /Users/andela/.calabash/gems/actionpack-4.2.1/lib/action_dispatch/middleware/flash.rb:260:in `call'
     # /Users/andela/.calabash/gems/rack-1.6.4/lib/rack/session/abstract/id.rb:225:in `context'
     # /Users/andela/.calabash/gems/rack-1.6.4/lib/rack/session/abstract/id.rb:220:in `call'
     # /Users/andela/.calabash/gems/actionpack-4.2.1/lib/action_dispatch/middleware/cookies.rb:560:in `call'
     # /Users/andela/.calabash/gems/activerecord-4.2.1/lib/active_record/query_cache.rb:36:in `call'
     # /Users/andela/.calabash/gems/activerecord-4.2.1/lib/active_record/connection_adapters/abstract/connection_pool.rb:649:in `call'
     # /Users/andela/.calabash/gems/actionpack-4.2.1/lib/action_dispatch/middleware/callbacks.rb:29:in `block in call'
     # /Users/andela/.calabash/gems/activesupport-4.2.1/lib/active_support/callbacks.rb:88:in `call'
     # /Users/andela/.calabash/gems/activesupport-4.2.1/lib/active_support/callbacks.rb:88:in `_run_callbacks'
     # /Users/andela/.calabash/gems/activesupport-4.2.1/lib/active_support/callbacks.rb:776:in `_run_call_callbacks'
     # /Users/andela/.calabash/gems/activesupport-4.2.1/lib/active_support/callbacks.rb:81:in `run_callbacks'
     # /Users/andela/.calabash/gems/actionpack-4.2.1/lib/action_dispatch/middleware/callbacks.rb:27:in `call'
     # /Users/andela/.calabash/gems/actionpack-4.2.1/lib/action_dispatch/middleware/remote_ip.rb:78:in `call'
     # /Users/andela/.calabash/gems/actionpack-4.2.1/lib/action_dispatch/middleware/debug_exceptions.rb:17:in `call'
     # /Users/andela/.calabash/gems/web-console-2.2.1/lib/web_console/middleware.rb:39:in `call'
     # /Users/andela/.calabash/gems/actionpack-4.2.1/lib/action_dispatch/middleware/show_exceptions.rb:30:in `call'
     # /Users/andela/.calabash/gems/railties-4.2.1/lib/rails/rack/logger.rb:38:in `call_app'
     # /Users/andela/.calabash/gems/railties-4.2.1/lib/rails/rack/logger.rb:20:in `block in call'
     # /Users/andela/.calabash/gems/activesupport-4.2.1/lib/active_support/tagged_logging.rb:68:in `block in tagged'
     # /Users/andela/.calabash/gems/activesupport-4.2.1/lib/active_support/tagged_logging.rb:26:in `tagged'
     # /Users/andela/.calabash/gems/activesupport-4.2.1/lib/active_support/tagged_logging.rb:68:in `tagged'
     # /Users/andela/.calabash/gems/railties-4.2.1/lib/rails/rack/logger.rb:20:in `call'
     # /Users/andela/.calabash/gems/request_store-1.2.0/lib/request_store/middleware.rb:8:in `call'
     # /Users/andela/.calabash/gems/actionpack-4.2.1/lib/action_dispatch/middleware/request_id.rb:21:in `call'
     # /Users/andela/.calabash/gems/rack-1.6.4/lib/rack/methodoverride.rb:22:in `call'
     # /Users/andela/.calabash/gems/rack-1.6.4/lib/rack/runtime.rb:18:in `call'
     # /Users/andela/.calabash/gems/activesupport-4.2.1/lib/active_support/cache/strategy/local_cache_middleware.rb:28:in `call'
     # /Users/andela/.calabash/gems/rack-1.6.4/lib/rack/lock.rb:17:in `call'
     # /Users/andela/.calabash/gems/actionpack-4.2.1/lib/action_dispatch/middleware/static.rb:113:in `call'
     # /Users/andela/.calabash/gems/rack-1.6.4/lib/rack/sendfile.rb:113:in `call'
     # /Users/andela/.calabash/gems/railties-4.2.1/lib/rails/engine.rb:518:in `call'
     # /Users/andela/.calabash/gems/railties-4.2.1/lib/rails/application.rb:164:in `call'
     # /Users/andela/.calabash/gems/rack-1.6.4/lib/rack/urlmap.rb:66:in `block in call'
     # /Users/andela/.calabash/gems/rack-1.6.4/lib/rack/urlmap.rb:50:in `each'
     # /Users/andela/.calabash/gems/rack-1.6.4/lib/rack/urlmap.rb:50:in `call'
     # /Users/andela/.calabash/gems/capybara-2.5.0/lib/capybara/server.rb:19:in `call'
     # /Users/andela/.calabash/gems/puma-2.11.1/lib/puma/server.rb:507:in `handle_request'
     # /Users/andela/.calabash/gems/puma-2.11.1/lib/puma/server.rb:375:in `process_client'
     # /Users/andela/.calabash/gems/puma-2.11.1/lib/puma/server.rb:262:in `block in run'
     # /Users/andela/.calabash/gems/puma-2.11.1/lib/puma/thread_pool.rb:104:in `call'
     # /Users/andela/.calabash/gems/puma-2.11.1/lib/puma/thread_pool.rb:104:in `block in spawn_thread'
     # ------------------
     # --- Caused by: ---
     # Capybara::ElementNotFound:
     #   Unable to find field "event[title]"
     #   /Users/andela/.calabash/gems/capybara-2.5.0/lib/capybara/node/finders.rb:43:in `block in find'

Finished in 1 minute 13.81 seconds (files took 5.88 seconds to load)
81 examples, 3 failures

Failed examples:

rspec ./spec/features/eventmanager_spec.rb:8 # Event Manager abilities user wants to become an Event Manager
rspec ./spec/features/updating_event_spec.rb:14 # Event Manager edits event Manager logs in and tries to edit event
rspec ./spec/features/updating_event_spec.rb:66 # Event Manager edits event Manager fills in wrong event information

Coverage report generated for RSpec to /Users/andela/Desktop/eventtx/coverage. 622 / 709 LOC (87.73%) covered.
